d:\documents\cphysics\build\core.dir\release\collider.obj
d:\documents\cphysics\build\core.dir\release\time_flow.obj
d:\documents\cphysics\build\core.dir\release\movement.obj
d:\documents\cphysics\build\core.dir\release\field.obj
d:\documents\cphysics\build\core.dir\release\entity.obj
d:\documents\cphysics\build\cmakefiles\generate.stamp
d:\documents\cphysics\build\core.dir\release\core.tlog\cl.command.1.tlog
d:\documents\cphysics\build\core.dir\release\core.tlog\cl.read.1.tlog
d:\documents\cphysics\build\core.dir\release\core.tlog\cl.write.1.tlog
d:\documents\cphysics\build\core.dir\release\core.tlog\custombuild.command.1.tlog
d:\documents\cphysics\build\core.dir\release\core.tlog\custombuild.read.1.tlog
d:\documents\cphysics\build\core.dir\release\core.tlog\custombuild.write.1.tlog
d:\documents\cphysics\build\core.dir\release\core.tlog\link-cvtres.read.1.tlog
d:\documents\cphysics\build\core.dir\release\core.tlog\link-cvtres.write.1.tlog
d:\documents\cphysics\build\core.dir\release\core.tlog\link-rc.read.1.tlog
d:\documents\cphysics\build\core.dir\release\core.tlog\link-rc.read.7.tlog
d:\documents\cphysics\build\core.dir\release\core.tlog\link-rc.write.1.tlog
d:\documents\cphysics\build\core.dir\release\core.tlog\link.command.1.tlog
d:\documents\cphysics\build\core.dir\release\core.tlog\link.read.1.tlog
d:\documents\cphysics\build\core.dir\release\core.tlog\link.read.10.tlog
d:\documents\cphysics\build\core.dir\release\core.tlog\link.write.1.tlog
