d:\documents\cphysics\build\cphysics_shared.dir\release\camera.obj
d:\documents\cphysics\build\cphysics_shared.dir\release\pyramid.obj
d:\documents\cphysics\build\cphysics_shared.dir\release\cube.obj
d:\documents\cphysics\build\cphysics_shared.dir\release\cylinder.obj
d:\documents\cphysics\build\cphysics_shared.dir\release\sphere.obj
d:\documents\cphysics\build\cphysics_shared.dir\release\plog.obj
d:\documents\cphysics\build\cmakefiles\generate.stamp
d:\documents\cphysics\build\bin\release\cphysics.dll
c:\$recycle.bin\s-1-5-21-2360396024-224459723-3352758580-1001\$istn9wb.tmp
c:\$recycle.bin\s-1-5-21-2360396024-224459723-3352758580-1001\$i901bls.tmp
c:\$recycle.bin\s-1-5-21-2360396024-224459723-3352758580-1001\$ihcj8h0.tmp
c:\$recycle.bin\s-1-5-21-2360396024-224459723-3352758580-1001\$iqclr1o.tmp
c:\$recycle.bin\s-1-5-21-2360396024-224459723-3352758580-1001\$inbaw06.tmp
c:\$recycle.bin\s-1-5-21-2360396024-224459723-3352758580-1001\$iag53hk
c:\$recycle.bin\s-1-5-21-2360396024-224459723-3352758580-1001\$i42wd3s
d:\documents\cphysics\build\cphysics_shared.dir\release\cphysics_shared.tlog\cl.command.1.tlog
d:\documents\cphysics\build\cphysics_shared.dir\release\cphysics_shared.tlog\cl.items.tlog
d:\documents\cphysics\build\cphysics_shared.dir\release\cphysics_shared.tlog\cl.read.1.tlog
d:\documents\cphysics\build\cphysics_shared.dir\release\cphysics_shared.tlog\cl.write.1.tlog
d:\documents\cphysics\build\cphysics_shared.dir\release\cphysics_shared.tlog\custombuild.command.1.tlog
d:\documents\cphysics\build\cphysics_shared.dir\release\cphysics_shared.tlog\custombuild.read.1.tlog
d:\documents\cphysics\build\cphysics_shared.dir\release\cphysics_shared.tlog\custombuild.write.1.tlog
d:\documents\cphysics\build\cphysics_shared.dir\release\cphysics_shared.tlog\link.command.1.tlog
d:\documents\cphysics\build\cphysics_shared.dir\release\cphysics_shared.tlog\link.read.1.tlog
d:\documents\cphysics\build\cphysics_shared.dir\release\cphysics_shared.tlog\link.secondary.1.tlog
d:\documents\cphysics\build\cphysics_shared.dir\release\cphysics_shared.tlog\link.write.1.tlog
