d:\documents\cphysics\build\mathlib.dir\release\vector.obj
d:\documents\cphysics\build\cmakefiles\generate.stamp
d:\documents\cphysics\build\bin\release\mathlib.dll
c:\$recycle.bin\s-1-5-21-2360396024-224459723-3352758580-1001\$iu2b29l.tmp
c:\$recycle.bin\s-1-5-21-2360396024-224459723-3352758580-1001\$itb8dmp.tmp
c:\$recycle.bin\s-1-5-21-2360396024-224459723-3352758580-1001\$imwpv8u.tmp
c:\$recycle.bin\s-1-5-21-2360396024-224459723-3352758580-1001\$io45cy2.tmp
c:\$recycle.bin\s-1-5-21-2360396024-224459723-3352758580-1001\$itk8epy.tmp
c:\$recycle.bin\s-1-5-21-2360396024-224459723-3352758580-1001\$i9l2wh6
c:\$recycle.bin\s-1-5-21-2360396024-224459723-3352758580-1001\$iza08xp
d:\documents\cphysics\build\mathlib.dir\release\mathlib.tlog\cl.command.1.tlog
d:\documents\cphysics\build\mathlib.dir\release\mathlib.tlog\cl.items.tlog
d:\documents\cphysics\build\mathlib.dir\release\mathlib.tlog\cl.read.1.tlog
d:\documents\cphysics\build\mathlib.dir\release\mathlib.tlog\cl.write.1.tlog
d:\documents\cphysics\build\mathlib.dir\release\mathlib.tlog\custombuild.command.1.tlog
d:\documents\cphysics\build\mathlib.dir\release\mathlib.tlog\custombuild.read.1.tlog
d:\documents\cphysics\build\mathlib.dir\release\mathlib.tlog\custombuild.write.1.tlog
d:\documents\cphysics\build\mathlib.dir\release\mathlib.tlog\link.command.1.tlog
d:\documents\cphysics\build\mathlib.dir\release\mathlib.tlog\link.read.1.tlog
d:\documents\cphysics\build\mathlib.dir\release\mathlib.tlog\link.secondary.1.tlog
d:\documents\cphysics\build\mathlib.dir\release\mathlib.tlog\link.write.1.tlog
